<?xml version="1.0" encoding="UTF-8"?>
<!-- Generated by org.testng.reporters.JUnitReportReporter -->
<testsuite skipped="0" hostname="LAPTOP-G66AQCG6" name="Selenium.Arun" tests="1" failures="0" timestamp="2020-07-21T23:32:06 IST" time="42.169" errors="0">
  <testcase name="data" time="42.169" classname="Selenium.Arun"/>
</testsuite> <!-- Selenium.Arun -->
