<?xml version="1.0" encoding="UTF-8"?>
<!-- Generated by org.testng.reporters.JUnitReportReporter -->
<testsuite skipped="0" hostname="LAPTOP-G66AQCG6" name="JavaScriptExecutorToScroll" tests="1" failures="0" timestamp="2020-06-22T15:03:20 IST" time="8.507" errors="0">
  <testcase name="scroll" time="8.507" classname="JavaScriptExecutorToScroll"/>
</testsuite> <!-- JavaScriptExecutorToScroll -->
